<?xml version="1.0" encoding="UTF-8"?>
<testng-results ignored="0" total="1" passed="1" failed="0" skipped="0">
  <reporter-output>
  </reporter-output>
  <suite started-at="2018-10-17T07:42:23Z" name="Default suite" finished-at="2018-10-17T07:43:23Z" duration-ms="60030">
    <groups>
    </groups>
    <test started-at="2018-10-17T07:42:23Z" name="Default test" finished-at="2018-10-17T07:43:23Z" duration-ms="60030">
      <class name="MavenProjSolviant.Solviant.Signup_Principle">
        <test-method is-config="true" signature="launch()[pri:0, instance:MavenProjSolviant.Solviant.Signup_Principle@6a2b953e]" started-at="2018-10-17T07:42:23Z" name="launch" finished-at="2018-10-17T07:43:10Z" duration-ms="46537" status="PASS">
          <reporter-output>
          </reporter-output>
        </test-method> <!-- launch -->
        <test-method signature="signup()[pri:0, instance:MavenProjSolviant.Solviant.Signup_Principle@6a2b953e]" started-at="2018-10-17T07:43:10Z" name="signup" finished-at="2018-10-17T07:43:23Z" duration-ms="13475" status="PASS">
          <reporter-output>
          </reporter-output>
        </test-method> <!-- signup -->
      </class> <!-- MavenProjSolviant.Solviant.Signup_Principle -->
    </test> <!-- Default test -->
  </suite> <!-- Default suite -->
</testng-results>
