<?xml version="1.0" encoding="UTF-8"?>
<testng-results ignored="0" total="1" passed="1" failed="0" skipped="0">
  <reporter-output>
  </reporter-output>
  <suite started-at="2018-09-28T06:50:51Z" name="MavenProjSolviant.Solviant.LoginTest" finished-at="2018-09-28T06:51:50Z" duration-ms="59211">
    <groups>
    </groups>
    <test started-at="2018-09-28T06:50:51Z" name="Command line test" finished-at="2018-09-28T06:51:50Z" duration-ms="59211">
      <class name="MavenProjSolviant.Solviant.LoginTest">
        <test-method is-config="true" signature="openBrowser()[pri:0, instance:MavenProjSolviant.Solviant.LoginTest@6e4784bc]" started-at="2018-09-28T06:50:51Z" name="openBrowser" finished-at="2018-09-28T06:51:37Z" duration-ms="46394" status="PASS">
          <reporter-output>
          </reporter-output>
        </test-method> <!-- openBrowser -->
        <test-method signature="Login()[pri:0, instance:MavenProjSolviant.Solviant.LoginTest@6e4784bc]" started-at="2018-09-28T06:51:37Z" name="Login" finished-at="2018-09-28T06:51:50Z" duration-ms="12787" status="PASS">
          <reporter-output>
          </reporter-output>
        </test-method> <!-- Login -->
        <test-method is-config="true" signature="close()[pri:0, instance:MavenProjSolviant.Solviant.LoginTest@6e4784bc]" started-at="2018-09-28T06:51:50Z" name="close" finished-at="2018-09-28T06:51:50Z" duration-ms="0" status="PASS">
          <reporter-output>
          </reporter-output>
        </test-method> <!-- close -->
      </class> <!-- MavenProjSolviant.Solviant.LoginTest -->
    </test> <!-- Command line test -->
  </suite> <!-- MavenProjSolviant.Solviant.LoginTest -->
</testng-results>
